<?xml version="1.0" encoding="UTF-8"?>
<!-- Generated by org.testng.reporters.JUnitReportReporter -->
<testsuite hostname="LAPTOP-5E3MODR9" name="com.shopcart.qa.testcases.TC_A_LoginPageTest" tests="6" failures="0" timestamp="11 Mar 2020 06:52:03 GMT" time="187.617" errors="0">
  <testcase name="ShopVersionTest" time="18.797" classname="com.shopcart.qa.testcases.TC_A_LoginPageTest"/>
  <testcase name="ShopcartImgTest" time="32.368" classname="com.shopcart.qa.testcases.TC_A_LoginPageTest"/>
  <testcase name="loginTest" time="26.549" classname="com.shopcart.qa.testcases.TC_A_LoginPageTest"/>
  <testcase name="ShoplogoImg" time="61.657" classname="com.shopcart.qa.testcases.TC_A_LoginPageTest"/>
  <testcase name="loginPageTitleTest" time="29.984" classname="com.shopcart.qa.testcases.TC_A_LoginPageTest"/>
  <testcase name="HomePage" time="18.262" classname="com.shopcart.qa.testcases.TC_A_LoginPageTest"/>
</testsuite> <!-- com.shopcart.qa.testcases.TC_A_LoginPageTest -->
