<?xml version="1.0" encoding="UTF-8"?>
<!-- Generated by org.testng.reporters.JUnitReportReporter -->
<testsuite hostname="LAPTOP-5E3MODR9" name="com.shopcart.qa.testcases.TC_E_CustomerPageTest" tests="10" failures="0" timestamp="11 Mar 2020 06:52:03 GMT" time="301.726" errors="0">
  <testcase name="validateCustomerData" time="29.753" classname="com.shopcart.qa.testcases.TC_E_CustomerPageTest"/>
  <testcase name="ValidatShippingCartsTest" time="29.472" classname="com.shopcart.qa.testcases.TC_E_CustomerPageTest"/>
  <testcase name="validatTittlesTest" time="32.628" classname="com.shopcart.qa.testcases.TC_E_CustomerPageTest"/>
  <testcase name="validateCustomerData" time="31.890" classname="com.shopcart.qa.testcases.TC_E_CustomerPageTest"/>
  <testcase name="ValidatGroupsTest" time="28.529" classname="com.shopcart.qa.testcases.TC_E_CustomerPageTest"/>
  <testcase name="validateCustomerData" time="32.654" classname="com.shopcart.qa.testcases.TC_E_CustomerPageTest"/>
  <testcase name="ValidatCustomerServicesTest" time="29.842" classname="com.shopcart.qa.testcases.TC_E_CustomerPageTest"/>
  <testcase name="ValidatContactsTest" time="25.709" classname="com.shopcart.qa.testcases.TC_E_CustomerPageTest"/>
  <testcase name="validateCustomerData" time="33.918" classname="com.shopcart.qa.testcases.TC_E_CustomerPageTest"/>
  <testcase name="ValidatAddressesTest" time="27.331" classname="com.shopcart.qa.testcases.TC_E_CustomerPageTest"/>
</testsuite> <!-- com.shopcart.qa.testcases.TC_E_CustomerPageTest -->
