<?xml version="1.0" encoding="UTF-8"?>
<!-- Generated by org.testng.reporters.JUnitReportReporter -->
<testsuite hostname="LAPTOP-5E3MODR9" name="com.shopcart.qa.testcases.TC_D_OrdersPageTest" tests="8" failures="0" timestamp="11 Mar 2020 06:52:03 GMT" time="199.541" errors="0">
  <testcase name="validateOrderMessages" time="24.743" classname="com.shopcart.qa.testcases.TC_D_OrdersPageTest"/>
  <testcase name="customerPage" time="16.495" classname="com.shopcart.qa.testcases.TC_D_OrdersPageTest"/>
  <testcase name="validateMerchandise_Returns" time="24.865" classname="com.shopcart.qa.testcases.TC_D_OrdersPageTest"/>
  <testcase name="validateOrders" time="23.047" classname="com.shopcart.qa.testcases.TC_D_OrdersPageTest"/>
  <testcase name="validateStatuses" time="28.099" classname="com.shopcart.qa.testcases.TC_D_OrdersPageTest"/>
  <testcase name="validateCreditSlips" time="27.604" classname="com.shopcart.qa.testcases.TC_D_OrdersPageTest"/>
  <testcase name="validateInvoice" time="23.962" classname="com.shopcart.qa.testcases.TC_D_OrdersPageTest"/>
  <testcase name="validateDeliverySlips" time="30.726" classname="com.shopcart.qa.testcases.TC_D_OrdersPageTest"/>
</testsuite> <!-- com.shopcart.qa.testcases.TC_D_OrdersPageTest -->
