<?xml version="1.0" encoding="UTF-8"?>
<!-- Generated by org.testng.reporters.JUnitReportReporter -->
<testsuite hostname="LAPTOP-5E3MODR9" name="com.shopcart.qa.testcases.TC_D_OrdersPageTest" tests="8" failures="0" timestamp="11 Mar 2020 12:24:07 GMT" time="554.670" errors="0">
  <testcase name="validateOrderMessages" time="89.541" classname="com.shopcart.qa.testcases.TC_D_OrdersPageTest"/>
  <testcase name="validateCreditSlips" time="22.866" classname="com.shopcart.qa.testcases.TC_D_OrdersPageTest"/>
  <testcase name="customerPage" time="59.876" classname="com.shopcart.qa.testcases.TC_D_OrdersPageTest"/>
  <testcase name="validateStatuses" time="40.201" classname="com.shopcart.qa.testcases.TC_D_OrdersPageTest"/>
  <testcase name="validateInvoice" time="92.303" classname="com.shopcart.qa.testcases.TC_D_OrdersPageTest"/>
  <testcase name="validateOrders" time="74.629" classname="com.shopcart.qa.testcases.TC_D_OrdersPageTest"/>
  <testcase name="validateDeliverySlips" time="81.528" classname="com.shopcart.qa.testcases.TC_D_OrdersPageTest"/>
  <testcase name="validateMerchandise_Returns" time="93.726" classname="com.shopcart.qa.testcases.TC_D_OrdersPageTest"/>
</testsuite> <!-- com.shopcart.qa.testcases.TC_D_OrdersPageTest -->
