<?xml version="1.0" encoding="UTF-8"?>
<!-- Generated by org.testng.reporters.JUnitReportReporter -->
<testsuite hostname="LAPTOP-5E3MODR9" name="com.shopcart.qa.testcases.TC_A_LoginPageTest" tests="6" failures="0" timestamp="11 Mar 2020 12:24:07 GMT" time="237.796" errors="0">
  <testcase name="ShoplogoImg" time="21.694" classname="com.shopcart.qa.testcases.TC_A_LoginPageTest"/>
  <testcase name="HomePage" time="22.732" classname="com.shopcart.qa.testcases.TC_A_LoginPageTest"/>
  <testcase name="ShopVersionTest" time="34.471" classname="com.shopcart.qa.testcases.TC_A_LoginPageTest"/>
  <testcase name="loginTest" time="65.710" classname="com.shopcart.qa.testcases.TC_A_LoginPageTest"/>
  <testcase name="loginPageTitleTest" time="70.276" classname="com.shopcart.qa.testcases.TC_A_LoginPageTest"/>
  <testcase name="ShopcartImgTest" time="22.913" classname="com.shopcart.qa.testcases.TC_A_LoginPageTest"/>
</testsuite> <!-- com.shopcart.qa.testcases.TC_A_LoginPageTest -->
